<?xml version="1.0" encoding="UTF-8"?>
<!-- Generated by org.testng.reporters.JUnitXMLReporter -->
<testsuite ignored="0" hostname="ARUN" failures="1" tests="3" name="Test" time="1.033" errors="0" timestamp="2023-10-09T22:47:11 IST">
  <testcase classname="org.test.DemoRerun" name="tc01" time="0.434">
    <failure type="java.lang.AssertionError" message="expected [true] but found [false]">
      <![CDATA[java.lang.AssertionError: expected [true] but found [false]
at org.test.DemoRerun.tc01(DemoRerun.java:13)
at java.base/java.util.ArrayList.forEach(ArrayList.java:1541)
... Removed 34 stack frames]]>
    </failure>
  </testcase> <!-- tc01 -->
  <testcase classname="org.test.DemoRerun" name="tc02" time="0.01"/>
  <testcase classname="org.test.DemoRerun" name="tc03" time="0.012"/>
</testsuite> <!-- Test -->
